createdb cyanothece_test/CyanothecePCC7425.faa cyanothece_test/CyanothecePCC7425.faa.db 

MMseqs Version:              	10.6d92c
Max sequence length          	65535
Split seq. by length         	true
Database type                	0
Do not shuffle input database	true
Offset of numeric ids        	0
Compressed                   	0
Verbosity                    	3

Converting sequences
[
Time for merging into cyanothece_test/CyanothecePCC7425.faa.db_h by mergeResults: 0h 0m 0s 50ms
Time for merging into cyanothece_test/CyanothecePCC7425.faa.db by mergeResults: 0h 0m 0s 35ms
Time for merging into cyanothece_test/CyanothecePCC7425.faa.db.lookup by mergeResults: 0h 0m 0s 0ms
Time for processing: 0h 0m 0s 139ms
Tmp tmp folder does not exist or is not a directory.
kmermatcher cyanothece_test/CyanothecePCC7425.faa.db tmp/6881091688447981348/linclust/15600534588757477075/pref --sub-mat nucl:nucleotide.out,aa:blosum62.out --alph-size 13 --min-seq-id 0.7 --kmer-per-seq 21 --kmer-per-seq-scale 0 --adjust-kmer-len 0 --mask 0 --mask-lower-case 0 --cov-mode 1 -k 0 -c 0.7 --max-seq-len 65535 --hash-shift 5 --split-memory-limit 0 --include-only-extendable 0 --skip-n-repeat-kmer 0 --threads 16 --compressed 0 -v 3 

kmermatcher cyanothece_test/CyanothecePCC7425.faa.db tmp/6881091688447981348/linclust/15600534588757477075/pref --sub-mat nucl:nucleotide.out,aa:blosum62.out --alph-size 13 --min-seq-id 0.7 --kmer-per-seq 21 --kmer-per-seq-scale 0 --adjust-kmer-len 0 --mask 0 --mask-lower-case 0 --cov-mode 1 -k 0 -c 0.7 --max-seq-len 65535 --hash-shift 5 --split-memory-limit 0 --include-only-extendable 0 --skip-n-repeat-kmer 0 --threads 16 --compressed 0 -v 3 

Database size: 5344 type: Aminoacid
Reduced amino acid alphabet: (A S T) (C) (D B N) (E Q Z) (F Y) (G) (H) (I V) (K R) (L J M) (P) (W) (X) 

Estimated memory consumption 1 MB
Generate k-mers list for 1 split
[=================================================================] 5.34K 0s 156ms
Sort kmer 0h 0m 0s 5ms
Sort by rep. sequence 0h 0m 0s 0ms
Time for fill: 0h 0m 0s 8ms
Time for merging into tmp/6881091688447981348/linclust/15600534588757477075/pref by mergeResults: 0h 0m 0s 1ms
Time for processing: 0h 0m 0s 203ms
rescorediagonal cyanothece_test/CyanothecePCC7425.faa.db cyanothece_test/CyanothecePCC7425.faa.db tmp/6881091688447981348/linclust/15600534588757477075/pref tmp/6881091688447981348/linclust/15600534588757477075/pref_rescore1 --sub-mat nucl:nucleotide.out,aa:blosum62.out --rescore-mode 0 --filter-hits 0 -e 0.001 -c 0.7 -a 0 --cov-mode 1 --min-seq-id 0.7 --min-aln-len 0 --seq-id-mode 1 --add-self-matches 0 --sort-results 0 --db-load-mode 0 --threads 16 --compressed 0 -v 3 

[=================================================================] 5.34K 0s 1ms
Time for merging into tmp/6881091688447981348/linclust/15600534588757477075/pref_rescore1 by mergeResults: 0h 0m 0s 4ms
Time for processing: 0h 0m 0s 11ms
clust cyanothece_test/CyanothecePCC7425.faa.db tmp/6881091688447981348/linclust/15600534588757477075/pref_rescore1 tmp/6881091688447981348/linclust/15600534588757477075/pre_clust --cluster-mode 3 --max-iterations 1000 --similarity-type 2 --threads 16 --compressed 0 -v 3 

Clustering mode: Greedy Low Mem
Total time: 0h 0m 0s 3ms

Size of the sequence database: 5344
Size of the alignment database: 5344
Number of clusters: 5148

Writing results 0h 0m 0s 2ms
Time for merging into tmp/6881091688447981348/linclust/15600534588757477075/pre_clust by mergeResults: 0h 0m 0s 1ms
Time for processing: 0h 0m 0s 10ms
createsubdb tmp/6881091688447981348/linclust/15600534588757477075/order_redundancy cyanothece_test/CyanothecePCC7425.faa.db tmp/6881091688447981348/linclust/15600534588757477075/input_step_redundancy -v 3 --subdb-mode 1 

Time for merging into tmp/6881091688447981348/linclust/15600534588757477075/input_step_redundancy by mergeResults: 0h 0m 0s 0ms
Time for processing: 0h 0m 0s 2ms
createsubdb tmp/6881091688447981348/linclust/15600534588757477075/order_redundancy tmp/6881091688447981348/linclust/15600534588757477075/pref tmp/6881091688447981348/linclust/15600534588757477075/pref_filter1 -v 3 --subdb-mode 1 

Time for merging into tmp/6881091688447981348/linclust/15600534588757477075/pref_filter1 by mergeResults: 0h 0m 0s 0ms
Time for processing: 0h 0m 0s 2ms
filterdb tmp/6881091688447981348/linclust/15600534588757477075/pref_filter1 tmp/6881091688447981348/linclust/15600534588757477075/pref_filter2 --filter-file tmp/6881091688447981348/linclust/15600534588757477075/order_redundancy 

Filtering with filter files.
[=================================================================] 5.15K 0s 209ms
Time for merging into tmp/6881091688447981348/linclust/15600534588757477075/pref_filter2 by mergeResults: 0h 0m 0s 3ms
Time for processing: 0h 0m 0s 303ms
rescorediagonal tmp/6881091688447981348/linclust/15600534588757477075/input_step_redundancy tmp/6881091688447981348/linclust/15600534588757477075/input_step_redundancy tmp/6881091688447981348/linclust/15600534588757477075/pref_filter2 tmp/6881091688447981348/linclust/15600534588757477075/pref_rescore2 --sub-mat nucl:nucleotide.out,aa:blosum62.out --rescore-mode 1 --filter-hits 1 -e 0.001 -c 0.7 -a 0 --cov-mode 1 --min-seq-id 0.7 --min-aln-len 0 --seq-id-mode 1 --add-self-matches 0 --sort-results 0 --db-load-mode 0 --threads 16 --compressed 0 -v 3 

[=================================================================] 5.15K 0s 3ms
Time for merging into tmp/6881091688447981348/linclust/15600534588757477075/pref_rescore2 by mergeResults: 0h 0m 0s 7ms
Time for processing: 0h 0m 0s 67ms
align tmp/6881091688447981348/linclust/15600534588757477075/input_step_redundancy tmp/6881091688447981348/linclust/15600534588757477075/input_step_redundancy tmp/6881091688447981348/linclust/15600534588757477075/pref_rescore2 tmp/6881091688447981348/linclust/15600534588757477075/aln --sub-mat nucl:nucleotide.out,aa:blosum62.out -a 0 --alignment-mode 3 -e 0.001 --min-seq-id 0.7 --min-aln-len 0 --seq-id-mode 1 --alt-ali 0 -c 0.7 --cov-mode 1 --max-seq-len 65535 --comp-bias-corr 1 --realign 0 --max-rejected 2147483647 --max-accept 2147483647 --add-self-matches 0 --db-load-mode 0 --pca 1 --pcb 1.5 --score-bias 0 --gap-open 11 --gap-extend 1 --threads 16 --compressed 0 -v 3 

Compute score, coverage and sequence identity
Query database size: 5148 type: Aminoacid
Target database size: 5148 type: Aminoacid
Calculation of alignments
[=================================================================] 5.15K 1s 584ms
Time for merging into tmp/6881091688447981348/linclust/15600534588757477075/aln by mergeResults: 0h 0m 0s 4ms

5470 alignments calculated.
5177 sequence pairs passed the thresholds (0.946435 of overall calculated).
1.005633 hits per query sequence.
Time for processing: 0h 0m 1s 634ms
clust tmp/6881091688447981348/linclust/15600534588757477075/input_step_redundancy tmp/6881091688447981348/linclust/15600534588757477075/aln tmp/6881091688447981348/linclust/15600534588757477075/clust --cluster-mode 3 --max-iterations 1000 --similarity-type 2 --threads 16 --compressed 0 -v 3 

Clustering mode: Greedy Low Mem
Total time: 0h 0m 0s 3ms

Size of the sequence database: 5148
Size of the alignment database: 5148
Number of clusters: 5121

Writing results 0h 0m 0s 2ms
Time for merging into tmp/6881091688447981348/linclust/15600534588757477075/clust by mergeResults: 0h 0m 0s 1ms
Time for processing: 0h 0m 0s 10ms
mergeclusters cyanothece_test/CyanothecePCC7425.faa.db tmp/6881091688447981348/clu_redundancy tmp/6881091688447981348/linclust/15600534588757477075/pre_clust tmp/6881091688447981348/linclust/15600534588757477075/clust --threads 16 --compressed 0 -v 3 

Clustering step 1
[=================================================================] 5.15K 0s 0ms
Clustering step 2
[=================================================================] 5.12K 0s 2ms
Write merged clustering
[=================================================================] 5.34K 0s 5ms
Time for merging into tmp/6881091688447981348/clu_redundancy by mergeResults: 0h 0m 0s 3ms
Time for processing: 0h 0m 0s 155ms
createsubdb tmp/6881091688447981348/clu_redundancy cyanothece_test/CyanothecePCC7425.faa.db tmp/6881091688447981348/input_step_redundancy -v 3 --subdb-mode 1 

Time for merging into tmp/6881091688447981348/input_step_redundancy by mergeResults: 0h 0m 0s 1ms
Time for processing: 0h 0m 0s 4ms
prefilter tmp/6881091688447981348/input_step_redundancy tmp/6881091688447981348/input_step_redundancy tmp/6881091688447981348/pref_step0 --sub-mat nucl:nucleotide.out,aa:blosum62.out --seed-sub-mat nucl:nucleotide.out,aa:VTML80.out -s 1 -k 0 --k-score 2147483647 --alph-size 21 --max-seq-len 65535 --max-seqs 20 --split 0 --split-mode 2 --split-memory-limit 0 -c 0.7 --cov-mode 1 --comp-bias-corr 0 --diag-score 0 --exact-kmer-matching 0 --mask 1 --mask-lower-case 0 --min-ungapped-score 0 --add-self-matches 0 --spaced-kmer-mode 1 --db-load-mode 0 --pca 1 --pcb 1.5 --threads 16 --compressed 0 -v 3 

Query database size: 5121 type: Aminoacid
Estimated memory consumption: 992M
Target database size: 5121 type: Aminoacid
Index table k-mer threshold: 154 at k-mer size 6 
Index table: counting k-mers
[=================================================================] 5.12K 0s 254ms
Index table: Masked residues: 20262
Index table: fill
[=================================================================] 5.12K 0s 342ms
Index statistics
Entries:          688387
DB size:          492 MB
Avg k-mer size:   0.010756
Top 10 k-mers
    GPGGTL	29
    KDFASH	17
    DLLDMP	15
    GGGGIV	15
    GKIPLP	12
    LAMHRT	12
    RSLPGW	10
    PIRTQL	9
    AGQHKP	9
    DLIDMP	9
Time for index table init: 0h 0m 17s 887ms
Process prefiltering step 1 of 1

k-mer similarity threshold: 154
Starting prefiltering scores calculation (step 1 of 1)
Query db start 1 to 5121
Target db start 1 to 5121
[=================================================================] 5.12K 1s 40ms

1.932232 k-mers per position
149 DB matches per sequence
0 overflows
1 sequences passed prefiltering per query sequence
1 median result list length
0 sequences with 0 size result lists
Time for merging into tmp/6881091688447981348/pref_step0 by mergeResults: 0h 0m 0s 3ms
Time for processing: 0h 0m 20s 430ms
align tmp/6881091688447981348/input_step_redundancy tmp/6881091688447981348/input_step_redundancy tmp/6881091688447981348/pref_step0 tmp/6881091688447981348/aln_step0 --sub-mat nucl:nucleotide.out,aa:blosum62.out -a 0 --alignment-mode 3 -e 0.001 --min-seq-id 0.7 --min-aln-len 0 --seq-id-mode 1 --alt-ali 0 -c 0.7 --cov-mode 1 --max-seq-len 65535 --comp-bias-corr 0 --realign 0 --max-rejected 2147483647 --max-accept 2147483647 --add-self-matches 0 --db-load-mode 0 --pca 1 --pcb 1.5 --score-bias 0 --gap-open 11 --gap-extend 1 --threads 16 --compressed 0 -v 3 

Compute score, coverage and sequence identity
Query database size: 5121 type: Aminoacid
Target database size: 5121 type: Aminoacid
Calculation of alignments
[=================================================================] 5.12K 4s 259ms
Time for merging into tmp/6881091688447981348/aln_step0 by mergeResults: 0h 0m 0s 3ms

8524 alignments calculated.
5129 sequence pairs passed the thresholds (0.601713 of overall calculated).
1.001562 hits per query sequence.
Time for processing: 0h 0m 4s 302ms
clust tmp/6881091688447981348/input_step_redundancy tmp/6881091688447981348/aln_step0 tmp/6881091688447981348/clu_step0 --cluster-mode 3 --max-iterations 1000 --similarity-type 2 --threads 16 --compressed 0 -v 3 

Clustering mode: Greedy Low Mem
Total time: 0h 0m 0s 21ms

Size of the sequence database: 5121
Size of the alignment database: 5121
Number of clusters: 5114

Writing results 0h 0m 0s 1ms
Time for merging into tmp/6881091688447981348/clu_step0 by mergeResults: 0h 0m 0s 25ms
Time for processing: 0h 0m 0s 85ms
mergeclusters cyanothece_test/CyanothecePCC7425.faa.db clu tmp/6881091688447981348/clu_redundancy tmp/6881091688447981348/clu_step0 --threads 16 --compressed 0 -v 3 

Clustering step 1
[=================================================================] 5.12K 0s 0ms
Clustering step 2
[=================================================================] 5.11K 0s 1ms
Write merged clustering
[=================================================================] 5.34K 0s 167ms
Time for merging into clu by mergeResults: 0h 0m 0s 3ms
Time for processing: 0h 0m 0s 224ms
createseqfiledb cyanothece_test/CyanothecePCC7425.faa.db clu clu_seq 

MMseqs Version:	10.6d92c
Min sequences	1
Max sequences	2147483647
HH format    	false
Threads      	16
Compressed   	0
Verbosity    	3

Time for merging into clu_seq by mergeResults: 0h 0m 0s 17ms
Time for processing: 0h 0m 0s 69ms
result2flat cyanothece_test/CyanothecePCC7425.faa.db cyanothece_test/CyanothecePCC7425.faa.db clu_seq clu_seq.fasta 

MMseqs Version: 	10.6d92c
Use fasta header	false
Verbosity       	3

Time for processing: 0h 0m 0s 17ms
createtsv cyanothece_test/CyanothecePCC7425.faa.db cyanothece_test/CyanothecePCC7425.faa.db clu clu.tsv 

MMseqs Version:                 	10.6d92c
First sequence as representative	false
Target column                   	1
Add full header                 	false
Sequence source                 	0
Database output                 	false
Threads                         	16
Compressed                      	0
Verbosity                       	3

Time for merging into clu.tsv by mergeResults: 0h 0m 0s 4ms
Time for processing: 0h 0m 0s 57ms
